<?xml version="1.0" encoding="UTF-8"?>
<testng-results ignored="0" total="1" passed="1" failed="0" skipped="0">
  <reporter-output>
  </reporter-output>
  <suite started-at="2026-06-16T10:19:38 IST" name="Default suite" finished-at="2026-06-16T10:19:42 IST" duration-ms="4377">
    <groups>
    </groups>
    <test started-at="2026-06-16T10:19:38 IST" name="Default test" finished-at="2026-06-16T10:19:42 IST" duration-ms="4377">
      <class name="com.tests.PatchTest">
        <test-method signature="patchToUpdatePartially()[pri:0, instance:com.tests.PatchTest@15de0b3c]" started-at="2026-06-16T10:19:38 IST" name="patchToUpdatePartially" finished-at="2026-06-16T10:19:42 IST" duration-ms="4317" status="PASS">
          <reporter-output>
          </reporter-output>
        </test-method> <!-- patchToUpdatePartially -->
      </class> <!-- com.tests.PatchTest -->
    </test> <!-- Default test -->
  </suite> <!-- Default suite -->
</testng-results>
