<?xml version="1.0" encoding="UTF-8"?>
<testng-results ignored="0" total="1" passed="1" failed="0" skipped="0">
  <reporter-output>
  </reporter-output>
  <suite started-at="2026-06-16T16:17:26 IST" name="Default suite" finished-at="2026-06-16T16:17:28 IST" duration-ms="2655">
    <groups>
    </groups>
    <test started-at="2026-06-16T16:17:26 IST" name="Default test" finished-at="2026-06-16T16:17:28 IST" duration-ms="2655">
      <class name="com.tests.OptionsTest">
        <test-method signature="optionsRequest()[pri:0, instance:com.tests.OptionsTest@15de0b3c]" started-at="2026-06-16T16:17:26 IST" name="optionsRequest" finished-at="2026-06-16T16:17:28 IST" duration-ms="2592" status="PASS">
          <reporter-output>
          </reporter-output>
        </test-method> <!-- optionsRequest -->
      </class> <!-- com.tests.OptionsTest -->
    </test> <!-- Default test -->
  </suite> <!-- Default suite -->
</testng-results>
