<?xml version="1.0" encoding="UTF-8"?>
<testng-results ignored="0" total="3" passed="3" failed="0" skipped="0">
  <reporter-output>
  </reporter-output>
  <suite started-at="2026-06-23T10:18:42 IST" name="Default suite" finished-at="2026-06-23T10:19:57 IST" duration-ms="74834">
    <groups>
    </groups>
    <test started-at="2026-06-23T10:18:42 IST" name="Default test" finished-at="2026-06-23T10:19:57 IST" duration-ms="74834">
      <class name="com.tests.LoginTest">
        <test-method signature="invalidpassword()[pri:0, instance:com.tests.LoginTest@6cc4cdb9]" started-at="2026-06-23T10:18:42 IST" name="invalidpassword" finished-at="2026-06-23T10:19:48 IST" duration-ms="66154" status="PASS">
          <reporter-output>
          </reporter-output>
        </test-method> <!-- invalidpassword -->
        <test-method signature="invalidusername()[pri:0, instance:com.tests.LoginTest@6cc4cdb9]" started-at="2026-06-23T10:19:49 IST" name="invalidusername" finished-at="2026-06-23T10:19:52 IST" duration-ms="3277" status="PASS">
          <reporter-output>
          </reporter-output>
        </test-method> <!-- invalidusername -->
        <test-method signature="login()[pri:0, instance:com.tests.LoginTest@6cc4cdb9]" started-at="2026-06-23T10:19:52 IST" name="login" finished-at="2026-06-23T10:19:57 IST" duration-ms="5259" status="PASS">
          <reporter-output>
          </reporter-output>
        </test-method> <!-- login -->
      </class> <!-- com.tests.LoginTest -->
    </test> <!-- Default test -->
  </suite> <!-- Default suite -->
</testng-results>
