<?xml version="1.0" encoding="UTF-8"?>
<testng-results ignored="0" total="1" passed="1" failed="0" skipped="0">
  <reporter-output>
  </reporter-output>
  <suite started-at="2026-06-17T12:27:50 IST" name="Default suite" finished-at="2026-06-17T12:27:57 IST" duration-ms="7141">
    <groups>
    </groups>
    <test started-at="2026-06-17T12:27:50 IST" name="Default test" finished-at="2026-06-17T12:27:57 IST" duration-ms="7141">
      <class name="com.tests.GetStructures">
        <test-method signature="getstructure()[pri:0, instance:com.tests.GetStructures@7c6908d7]" started-at="2026-06-17T12:27:50 IST" name="getstructure" finished-at="2026-06-17T12:27:57 IST" duration-ms="7050" status="PASS">
          <reporter-output>
          </reporter-output>
        </test-method> <!-- getstructure -->
      </class> <!-- com.tests.GetStructures -->
    </test> <!-- Default test -->
  </suite> <!-- Default suite -->
</testng-results>
