<?xml version="1.0" encoding="UTF-8"?>
<!-- Generated by org.testng.reporters.JUnitXMLReporter -->
<testsuite ignored="0" hostname="Shobana" failures="0" tests="3" name="Default test" time="74.834" errors="0" timestamp="2026-06-23T10:19:57 IST">
  <testcase classname="com.tests.LoginTest" name="invalidpassword" time="66.154"/>
  <testcase classname="com.tests.LoginTest" name="invalidusername" time="3.277"/>
  <testcase classname="com.tests.LoginTest" name="login" time="5.259"/>
</testsuite> <!-- Default test -->
