<?xml version="1.0" encoding="UTF-8"?>
<!-- Generated by org.testng.reporters.JUnitReportReporter -->
<testsuite hostname="Shobana" failures="0" tests="3" name="com.tests.LoginTest" time="74.690" errors="0" timestamp="2026-06-23T10:19:57 IST" skipped="0">
  <testcase classname="com.tests.LoginTest" name="invalidusername" time="3.277"/>
  <testcase classname="com.tests.LoginTest" name="invalidpassword" time="66.154"/>
  <testcase classname="com.tests.LoginTest" name="login" time="5.259"/>
</testsuite> <!-- com.tests.LoginTest -->
