<?xml version="1.0" encoding="UTF-8"?>
<testng-results ignored="0" total="1" passed="1" failed="0" skipped="0">
  <reporter-output>
  </reporter-output>
  <suite started-at="2026-06-17T11:19:58 IST" name="Default suite" finished-at="2026-06-17T11:20:03 IST" duration-ms="5443">
    <groups>
    </groups>
    <test started-at="2026-06-17T11:19:58 IST" name="Default test" finished-at="2026-06-17T11:20:03 IST" duration-ms="5443">
      <class name="com.tests.LoginTest">
        <test-method signature="login()[pri:0, instance:com.tests.LoginTest@15de0b3c]" started-at="2026-06-17T11:19:58 IST" name="login" finished-at="2026-06-17T11:20:03 IST" duration-ms="5356" status="PASS">
          <reporter-output>
          </reporter-output>
        </test-method> <!-- login -->
      </class> <!-- com.tests.LoginTest -->
    </test> <!-- Default test -->
  </suite> <!-- Default suite -->
</testng-results>
