<?xml version="1.0" encoding="UTF-8"?>
<testng-results ignored="0" total="1" passed="1" failed="0" skipped="0">
  <reporter-output>
  </reporter-output>
  <suite started-at="2026-06-16T19:42:20 IST" name="Default suite" finished-at="2026-06-16T19:42:22 IST" duration-ms="2195">
    <groups>
    </groups>
    <test started-at="2026-06-16T19:42:20 IST" name="Default test" finished-at="2026-06-16T19:42:22 IST" duration-ms="2195">
      <class name="com.tests.Delete_Trainee">
        <test-method signature="deletetrainee()[pri:0, instance:com.tests.Delete_Trainee@15de0b3c]" started-at="2026-06-16T19:42:20 IST" name="deletetrainee" finished-at="2026-06-16T19:42:22 IST" duration-ms="2112" status="PASS">
          <reporter-output>
          </reporter-output>
        </test-method> <!-- deletetrainee -->
      </class> <!-- com.tests.Delete_Trainee -->
    </test> <!-- Default test -->
  </suite> <!-- Default suite -->
</testng-results>
